Using pre-set license
Built from '2020.3/staging' branch; Version is '2020.3.5f1 (8095aa901b9b) revision 8426922'; Using compiler version '192528614'; Build Type 'Release'
OS: 'Windows 10 Pro; OS build 19042.1348; Version 2009; 64bit' Language: 'en' Physical Memory: 16260 MB
BatchMode: 1, IsHumanControllingUs: 0, StartBugReporterOnCrash: 0, Is64bit: 1, IsPro: 0

 COMMAND LINE ARGUMENTS:
C:\Program Files\Unity\Hub\Editor\2020.3.5f1\Editor\Unity.exe
-adb2
-batchMode
-noUpm
-name
AssetImportWorker0
-projectPath
C:/Users/isi.751FJW2/Desktop/Unity/House Of The Unliving
-logFile
Logs/AssetImportWorker0.log
-srvPort
18692
Successfully changed project path to: C:/Users/isi.751FJW2/Desktop/Unity/House Of The Unliving
C:/Users/isi.751FJW2/Desktop/Unity/House Of The Unliving
Using Asset Import Pipeline V2.
Refreshing native plugins compatible for Editor in 29.83 ms, found 0 plugins.
Preloading 0 native plugins for Editor in 0.00 ms.
Initialize engine version: 2020.3.5f1 (8095aa901b9b)
[Subsystems] Discovering subsystems at path C:/Program Files/Unity/Hub/Editor/2020.3.5f1/Editor/Data/Resources/UnitySubsystems
[Subsystems] Discovering subsystems at path C:/Users/isi.751FJW2/Desktop/Unity/House Of The Unliving/Assets
GfxDevice: creating device client; threaded=0
Direct3D:
    Version:  Direct3D 11.0 [level 11.1]
    Renderer: Intel(R) UHD Graphics 620 (ID=0x3ea0)
    Vendor:   
    VRAM:     8130 MB
    Driver:   26.20.100.8141
Initialize mono
Mono path[0] = 'C:/Program Files/Unity/Hub/Editor/2020.3.5f1/Editor/Data/Managed'
Mono path[1] = 'C:/Program Files/Unity/Hub/Editor/2020.3.5f1/Editor/Data/MonoBleedingEdge/lib/mono/unityjit'
Mono config path = 'C:/Program Files/Unity/Hub/Editor/2020.3.5f1/Editor/Data/MonoBleedingEdge/etc'
Using monoOptions --debugger-agent=transport=dt_socket,embedding=1,server=y,suspend=n,address=127.0.0.1:56396
Begin MonoManager ReloadAssembly
Registering precompiled unity dll's ...
Register platform support module: C:/Program Files/Unity/Hub/Editor/2020.3.5f1/Editor/Data/PlaybackEngines/WebGLSupport/UnityEditor.WebGL.Extensions.dll
Register platform support module: C:/Program Files/Unity/Hub/Editor/2020.3.5f1/Editor/Data/PlaybackEngines/WindowsStandaloneSupport/UnityEditor.WindowsStandalone.Extensions.dll
Registered in 0.002530 seconds.
Native extension for WindowsStandalone target not found
Native extension for WebGL target not found
Refreshing native plugins compatible for Editor in 29.73 ms, found 0 plugins.
Preloading 0 native plugins for Editor in 0.00 ms.
Mono: successfully reloaded assembly
- Completed reload, in  1.455 seconds
Platform modules already initialized, skipping
Registering precompiled user dll's ...
Registered in 0.000806 seconds.
Begin MonoManager ReloadAssembly
Native extension for WindowsStandalone target not found
Native extension for WebGL target not found
Refreshing native plugins compatible for Editor in 0.37 ms, found 0 plugins.
Preloading 0 native plugins for Editor in 0.00 ms.
Mono: successfully reloaded assembly
- Completed reload, in  1.409 seconds
Platform modules already initialized, skipping
========================================================================
Worker process is ready to serve import requests
Launched and connected shader compiler UnityShaderCompiler.exe after 0.06 seconds
Refreshing native plugins compatible for Editor in 0.32 ms, found 0 plugins.
Preloading 0 native plugins for Editor in 0.00 ms.
Unloading 1510 Unused Serialized files (Serialized files now loaded: 0)
System memory in use before: 73.2 MB.
System memory in use after: 73.3 MB.

Unloading 10 unused Assets to reduce memory usage. Loaded Objects now: 1956.
Total: 2.195000 ms (FindLiveObjects: 0.222400 ms CreateObjectMapping: 0.149300 ms MarkObjects: 1.717500 ms  DeleteObjects: 0.104800 ms)

========================================================================
Received Import Request.
  path: Assets/Scripts/CheckPointManager.cs
  artifactKey: Guid(cfcf347462f5ca947a3cf7505385fe87) Importer(815301076,1909f56bfc062723c751e8b465ee728b)
Start importing Assets/Scripts/CheckPointManager.cs using Guid(cfcf347462f5ca947a3cf7505385fe87) Importer(815301076,1909f56bfc062723c751e8b465ee728b)  -> (artifact id: 'cfededfe657b762d829be4b5b3e1d6e2') in 0.037095 seconds
  Import took 0.042680 seconds .

========================================================================
Received Prepare
Registering precompiled user dll's ...
Registered in 0.000719 seconds.
Begin MonoManager ReloadAssembly
Native extension for WindowsStandalone target not found
Native extension for WebGL target not found
Refreshing native plugins compatible for Editor in 0.28 ms, found 0 plugins.
Preloading 0 native plugins for Editor in 0.00 ms.
Mono: successfully reloaded assembly
- Completed reload, in  0.932 seconds
Platform modules already initialized, skipping
Refreshing native plugins compatible for Editor in 0.32 ms, found 0 plugins.
Preloading 0 native plugins for Editor in 0.00 ms.
Unloading 1481 Unused Serialized files (Serialized files now loaded: 0)
System memory in use before: 70.8 MB.
System memory in use after: 70.9 MB.

Unloading 6 unused Assets to reduce memory usage. Loaded Objects now: 1959.
Total: 3.001100 ms (FindLiveObjects: 0.338700 ms CreateObjectMapping: 0.131600 ms MarkObjects: 2.442600 ms  DeleteObjects: 0.086800 ms)

========================================================================
Received Prepare
Registering precompiled user dll's ...
Registered in 0.000866 seconds.
Begin MonoManager ReloadAssembly
Native extension for WindowsStandalone target not found
Native extension for WebGL target not found
Refreshing native plugins compatible for Editor in 0.29 ms, found 0 plugins.
Preloading 0 native plugins for Editor in 0.00 ms.
Mono: successfully reloaded assembly
- Completed reload, in  0.926 seconds
Platform modules already initialized, skipping
Refreshing native plugins compatible for Editor in 0.28 ms, found 0 plugins.
Preloading 0 native plugins for Editor in 0.00 ms.
Unloading 1481 Unused Serialized files (Serialized files now loaded: 0)
System memory in use before: 70.8 MB.
System memory in use after: 70.9 MB.

Unloading 5 unused Assets to reduce memory usage. Loaded Objects now: 1962.
Total: 2.859200 ms (FindLiveObjects: 0.267200 ms CreateObjectMapping: 0.088300 ms MarkObjects: 2.413200 ms  DeleteObjects: 0.089000 ms)

========================================================================
Received Prepare
Registering precompiled user dll's ...
Registered in 0.001224 seconds.
Begin MonoManager ReloadAssembly
Native extension for WindowsStandalone target not found
Native extension for WebGL target not found
Refreshing native plugins compatible for Editor in 0.50 ms, found 0 plugins.
Preloading 0 native plugins for Editor in 0.00 ms.
Mono: successfully reloaded assembly
- Completed reload, in  0.971 seconds
Platform modules already initialized, skipping
Refreshing native plugins compatible for Editor in 0.30 ms, found 0 plugins.
Preloading 0 native plugins for Editor in 0.00 ms.
Unloading 1481 Unused Serialized files (Serialized files now loaded: 0)
System memory in use before: 70.8 MB.
System memory in use after: 70.9 MB.

Unloading 5 unused Assets to reduce memory usage. Loaded Objects now: 1965.
Total: 2.378600 ms (FindLiveObjects: 0.229300 ms CreateObjectMapping: 0.059200 ms MarkObjects: 1.993100 ms  DeleteObjects: 0.095700 ms)

========================================================================
Received Prepare
Registering precompiled user dll's ...
Registered in 0.001231 seconds.
Begin MonoManager ReloadAssembly
Native extension for WindowsStandalone target not found
Native extension for WebGL target not found
Refreshing native plugins compatible for Editor in 0.29 ms, found 0 plugins.
Preloading 0 native plugins for Editor in 0.00 ms.
Mono: successfully reloaded assembly
- Completed reload, in  1.057 seconds
Platform modules already initialized, skipping
Refreshing native plugins compatible for Editor in 0.28 ms, found 0 plugins.
Preloading 0 native plugins for Editor in 0.00 ms.
Unloading 1481 Unused Serialized files (Serialized files now loaded: 0)
System memory in use before: 70.9 MB.
System memory in use after: 70.9 MB.

Unloading 5 unused Assets to reduce memory usage. Loaded Objects now: 1968.
Total: 2.683800 ms (FindLiveObjects: 0.183600 ms CreateObjectMapping: 0.048400 ms MarkObjects: 2.117400 ms  DeleteObjects: 0.330200 ms)

========================================================================
Received Prepare
Registering precompiled user dll's ...
Registered in 0.002402 seconds.
Begin MonoManager ReloadAssembly
Native extension for WindowsStandalone target not found
Native extension for WebGL target not found
Refreshing native plugins compatible for Editor in 0.49 ms, found 0 plugins.
Preloading 0 native plugins for Editor in 0.00 ms.
Mono: successfully reloaded assembly
- Completed reload, in  1.168 seconds
Platform modules already initialized, skipping
Refreshing native plugins compatible for Editor in 0.31 ms, found 0 plugins.
Preloading 0 native plugins for Editor in 0.00 ms.
Unloading 1481 Unused Serialized files (Serialized files now loaded: 0)
System memory in use before: 70.9 MB.
System memory in use after: 70.9 MB.

Unloading 5 unused Assets to reduce memory usage. Loaded Objects now: 1971.
Total: 2.495700 ms (FindLiveObjects: 0.257200 ms CreateObjectMapping: 0.077700 ms MarkObjects: 2.076700 ms  DeleteObjects: 0.083100 ms)

========================================================================
Received Import Request.
  Time since last request: 1950.197326 seconds.
  path: Assets/Resources/Prefabs/Player.prefab
  artifactKey: Guid(6e5e468da63f4f442ae3511904ff987b) Importer(815301076,1909f56bfc062723c751e8b465ee728b)
Start importing Assets/Resources/Prefabs/Player.prefab using Guid(6e5e468da63f4f442ae3511904ff987b) Importer(815301076,1909f56bfc062723c751e8b465ee728b)  -> (artifact id: 'ebe502e091b519b3a68269ae6891c6c6') in 0.135831 seconds
  Import took 0.139808 seconds .

========================================================================
Received Import Request.
  Time since last request: 208.217429 seconds.
  path: Assets/Scripts/Player.cs
  artifactKey: Guid(569356286be0b3840a6680fb99f698e7) Importer(815301076,1909f56bfc062723c751e8b465ee728b)
Start importing Assets/Scripts/Player.cs using Guid(569356286be0b3840a6680fb99f698e7) Importer(815301076,1909f56bfc062723c751e8b465ee728b)  -> (artifact id: '5c30a35a13d165630b272a9846a417a7') in 0.005142 seconds
  Import took 0.010171 seconds .

========================================================================
Received Import Request.
  Time since last request: 0.002441 seconds.
  path: Assets/Scripts/Player.cs
  artifactKey: Guid(569356286be0b3840a6680fb99f698e7) Importer(815301076,1909f56bfc062723c751e8b465ee728b)
Start importing Assets/Scripts/Player.cs using Guid(569356286be0b3840a6680fb99f698e7) Importer(815301076,1909f56bfc062723c751e8b465ee728b)  -> (artifact id: '5c30a35a13d165630b272a9846a417a7') in 0.005648 seconds
  Import took 0.008828 seconds .

========================================================================
Received Prepare
Registering precompiled user dll's ...
Registered in 0.012942 seconds.
Begin MonoManager ReloadAssembly
Native extension for WindowsStandalone target not found
Native extension for WebGL target not found
Refreshing native plugins compatible for Editor in 0.53 ms, found 0 plugins.
Preloading 0 native plugins for Editor in 0.00 ms.
Mono: successfully reloaded assembly
- Completed reload, in  1.838 seconds
Platform modules already initialized, skipping
Refreshing native plugins compatible for Editor in 0.31 ms, found 0 plugins.
Preloading 0 native plugins for Editor in 0.00 ms.
Unloading 1481 Unused Serialized files (Serialized files now loaded: 0)
System memory in use before: 74.0 MB.
System memory in use after: 74.1 MB.

Unloading 6 unused Assets to reduce memory usage. Loaded Objects now: 1982.
Total: 2.256800 ms (FindLiveObjects: 0.234200 ms CreateObjectMapping: 0.069500 ms MarkObjects: 1.840200 ms  DeleteObjects: 0.111800 ms)

========================================================================
Received Prepare
Registering precompiled user dll's ...
Registered in 0.000895 seconds.
Begin MonoManager ReloadAssembly
Native extension for WindowsStandalone target not found
Native extension for WebGL target not found
Refreshing native plugins compatible for Editor in 1.59 ms, found 0 plugins.
Preloading 0 native plugins for Editor in 0.00 ms.
Mono: successfully reloaded assembly
- Completed reload, in  1.270 seconds
Platform modules already initialized, skipping
Refreshing native plugins compatible for Editor in 0.30 ms, found 0 plugins.
Preloading 0 native plugins for Editor in 0.00 ms.
Unloading 1481 Unused Serialized files (Serialized files now loaded: 0)
System memory in use before: 74.0 MB.
System memory in use after: 74.1 MB.

Unloading 5 unused Assets to reduce memory usage. Loaded Objects now: 1985.
Total: 2.137500 ms (FindLiveObjects: 0.212500 ms CreateObjectMapping: 0.087800 ms MarkObjects: 1.737000 ms  DeleteObjects: 0.099000 ms)

========================================================================
Received Prepare
Registering precompiled user dll's ...
Registered in 0.000837 seconds.
Begin MonoManager ReloadAssembly
Native extension for WindowsStandalone target not found
Native extension for WebGL target not found
Refreshing native plugins compatible for Editor in 0.29 ms, found 0 plugins.
Preloading 0 native plugins for Editor in 0.00 ms.
Mono: successfully reloaded assembly
- Completed reload, in  1.061 seconds
Platform modules already initialized, skipping
Refreshing native plugins compatible for Editor in 0.30 ms, found 0 plugins.
Preloading 0 native plugins for Editor in 0.00 ms.
Unloading 1481 Unused Serialized files (Serialized files now loaded: 0)
System memory in use before: 74.0 MB.
System memory in use after: 74.1 MB.

Unloading 5 unused Assets to reduce memory usage. Loaded Objects now: 1988.
Total: 3.043200 ms (FindLiveObjects: 0.870300 ms CreateObjectMapping: 0.369800 ms MarkObjects: 1.727100 ms  DeleteObjects: 0.074000 ms)

========================================================================
Received Prepare
Registering precompiled user dll's ...
Registered in 0.001311 seconds.
Begin MonoManager ReloadAssembly
Native extension for WindowsStandalone target not found
Native extension for WebGL target not found
Refreshing native plugins compatible for Editor in 1.52 ms, found 0 plugins.
Preloading 0 native plugins for Editor in 0.00 ms.
Mono: successfully reloaded assembly
- Completed reload, in  1.309 seconds
Platform modules already initialized, skipping
Refreshing native plugins compatible for Editor in 0.30 ms, found 0 plugins.
Preloading 0 native plugins for Editor in 0.00 ms.
Unloading 1481 Unused Serialized files (Serialized files now loaded: 0)
System memory in use before: 74.0 MB.
System memory in use after: 74.1 MB.

Unloading 5 unused Assets to reduce memory usage. Loaded Objects now: 1991.
Total: 2.440300 ms (FindLiveObjects: 0.592500 ms CreateObjectMapping: 0.090600 ms MarkObjects: 1.663200 ms  DeleteObjects: 0.071400 ms)

========================================================================
Received Import Request.
  Time since last request: 108.932306 seconds.
  path: Assets/Resources/Prefabs/Player.prefab
  artifactKey: Guid(6e5e468da63f4f442ae3511904ff987b) Importer(815301076,1909f56bfc062723c751e8b465ee728b)
Start importing Assets/Resources/Prefabs/Player.prefab using Guid(6e5e468da63f4f442ae3511904ff987b) Importer(815301076,1909f56bfc062723c751e8b465ee728b)  -> (artifact id: 'f2b8a61a9ef10bded3953f20792d6488') in 0.102281 seconds
  Import took 0.107026 seconds .

========================================================================
Received Prepare
Registering precompiled user dll's ...
Registered in 0.000974 seconds.
Begin MonoManager ReloadAssembly
Native extension for WindowsStandalone target not found
Native extension for WebGL target not found
Refreshing native plugins compatible for Editor in 0.47 ms, found 0 plugins.
Preloading 0 native plugins for Editor in 0.00 ms.
Mono: successfully reloaded assembly
- Completed reload, in  1.454 seconds
Platform modules already initialized, skipping
Refreshing native plugins compatible for Editor in 0.53 ms, found 0 plugins.
Preloading 0 native plugins for Editor in 0.00 ms.
Unloading 1481 Unused Serialized files (Serialized files now loaded: 0)
System memory in use before: 74.0 MB.
System memory in use after: 74.1 MB.

Unloading 6 unused Assets to reduce memory usage. Loaded Objects now: 1995.
Total: 3.920900 ms (FindLiveObjects: 0.323400 ms CreateObjectMapping: 0.197700 ms MarkObjects: 3.226700 ms  DeleteObjects: 0.170800 ms)

========================================================================
Received Import Request.
  Time since last request: 132.200991 seconds.
  path: Assets/Scripts/LevelManager.cs
  artifactKey: Guid(b0aff4ec2872d9a4681b012e0947b122) Importer(815301076,1909f56bfc062723c751e8b465ee728b)
Start importing Assets/Scripts/LevelManager.cs using Guid(b0aff4ec2872d9a4681b012e0947b122) Importer(815301076,1909f56bfc062723c751e8b465ee728b)  -> (artifact id: '513203b5dac2fe86de13ed1525c236ef') in 0.012696 seconds
  Import took 0.016062 seconds .

========================================================================
Received Import Request.
  Time since last request: 1222.071384 seconds.
  path: Assets/Scripts/New Folder
  artifactKey: Guid(fbc4ec7cefbaf584d887f0bccf701bd8) Importer(815301076,1909f56bfc062723c751e8b465ee728b)
Start importing Assets/Scripts/New Folder using Guid(fbc4ec7cefbaf584d887f0bccf701bd8) Importer(815301076,1909f56bfc062723c751e8b465ee728b)  -> (artifact id: '8393d35a362dc42e5eff500d00dd2107') in 0.009827 seconds
  Import took 0.013311 seconds .

========================================================================
Received Prepare
Registering precompiled user dll's ...
Registered in 0.001030 seconds.
Begin MonoManager ReloadAssembly
Native extension for WindowsStandalone target not found
Native extension for WebGL target not found
Refreshing native plugins compatible for Editor in 0.31 ms, found 0 plugins.
Preloading 0 native plugins for Editor in 0.00 ms.
Mono: successfully reloaded assembly
- Completed reload, in  1.191 seconds
Platform modules already initialized, skipping
Refreshing native plugins compatible for Editor in 0.28 ms, found 0 plugins.
Preloading 0 native plugins for Editor in 0.00 ms.
Unloading 1481 Unused Serialized files (Serialized files now loaded: 0)
System memory in use before: 74.0 MB.
System memory in use after: 74.1 MB.

Unloading 5 unused Assets to reduce memory usage. Loaded Objects now: 1998.
Total: 2.130100 ms (FindLiveObjects: 0.216500 ms CreateObjectMapping: 0.059800 ms MarkObjects: 1.757500 ms  DeleteObjects: 0.094800 ms)

========================================================================
Received Import Request.
  Time since last request: 2436.065867 seconds.
  path: Assets/Scripts/Level.cs
  artifactKey: Guid(800525af14a24a74fbff61b3b6396daf) Importer(815301076,1909f56bfc062723c751e8b465ee728b)
Start importing Assets/Scripts/Level.cs using Guid(800525af14a24a74fbff61b3b6396daf) Importer(815301076,1909f56bfc062723c751e8b465ee728b)  -> (artifact id: '323c92c9da31425720b62b451f9e332d') in 0.021476 seconds
  Import took 0.028483 seconds .

========================================================================
Received Prepare
Registering precompiled user dll's ...
Registered in 0.000840 seconds.
Begin MonoManager ReloadAssembly
Native extension for WindowsStandalone target not found
Native extension for WebGL target not found
Refreshing native plugins compatible for Editor in 0.33 ms, found 0 plugins.
Preloading 0 native plugins for Editor in 0.00 ms.
Mono: successfully reloaded assembly
- Completed reload, in  1.071 seconds
Platform modules already initialized, skipping
Refreshing native plugins compatible for Editor in 0.38 ms, found 0 plugins.
Preloading 0 native plugins for Editor in 0.00 ms.
Unloading 1482 Unused Serialized files (Serialized files now loaded: 0)
System memory in use before: 74.1 MB.
System memory in use after: 74.1 MB.

Unloading 5 unused Assets to reduce memory usage. Loaded Objects now: 2002.
Total: 2.680600 ms (FindLiveObjects: 0.377600 ms CreateObjectMapping: 0.050700 ms MarkObjects: 2.147300 ms  DeleteObjects: 0.104100 ms)

========================================================================
Received Prepare
Registering precompiled user dll's ...
Registered in 0.000926 seconds.
Begin MonoManager ReloadAssembly
Native extension for WindowsStandalone target not found
Native extension for WebGL target not found
Refreshing native plugins compatible for Editor in 0.41 ms, found 0 plugins.
Preloading 0 native plugins for Editor in 0.00 ms.
Mono: successfully reloaded assembly
- Completed reload, in  1.109 seconds
Platform modules already initialized, skipping
Refreshing native plugins compatible for Editor in 0.31 ms, found 0 plugins.
Preloading 0 native plugins for Editor in 0.00 ms.
Unloading 1482 Unused Serialized files (Serialized files now loaded: 0)
System memory in use before: 74.1 MB.
System memory in use after: 74.1 MB.

Unloading 5 unused Assets to reduce memory usage. Loaded Objects now: 2005.
Total: 2.231900 ms (FindLiveObjects: 0.200000 ms CreateObjectMapping: 0.066900 ms MarkObjects: 1.889000 ms  DeleteObjects: 0.075200 ms)

========================================================================
Received Import Request.
  Time since last request: 71.135915 seconds.
  path: Assets/Scripts/Level.cs
  artifactKey: Guid(800525af14a24a74fbff61b3b6396daf) Importer(815301076,1909f56bfc062723c751e8b465ee728b)
Start importing Assets/Scripts/Level.cs using Guid(800525af14a24a74fbff61b3b6396daf) Importer(815301076,1909f56bfc062723c751e8b465ee728b)  -> (artifact id: '6337f232d3589157c29c00e60c73fdf6') in 0.007183 seconds
  Import took 0.009821 seconds .

========================================================================
Received Prepare
Registering precompiled user dll's ...
Registered in 0.001167 seconds.
Begin MonoManager ReloadAssembly
Native extension for WindowsStandalone target not found
Native extension for WebGL target not found
Refreshing native plugins compatible for Editor in 0.30 ms, found 0 plugins.
Preloading 0 native plugins for Editor in 0.00 ms.
Mono: successfully reloaded assembly
- Completed reload, in  0.909 seconds
Platform modules already initialized, skipping
Refreshing native plugins compatible for Editor in 0.31 ms, found 0 plugins.
Preloading 0 native plugins for Editor in 0.00 ms.
Unloading 1482 Unused Serialized files (Serialized files now loaded: 0)
System memory in use before: 74.1 MB.
System memory in use after: 74.2 MB.

Unloading 5 unused Assets to reduce memory usage. Loaded Objects now: 2008.
Total: 2.564400 ms (FindLiveObjects: 0.240600 ms CreateObjectMapping: 0.074300 ms MarkObjects: 2.169000 ms  DeleteObjects: 0.079100 ms)

========================================================================
Received Import Request.
  Time since last request: 281.494948 seconds.
  path: Assets/Scripts/Level.cs
  artifactKey: Guid(800525af14a24a74fbff61b3b6396daf) Importer(815301076,1909f56bfc062723c751e8b465ee728b)
Start importing Assets/Scripts/Level.cs using Guid(800525af14a24a74fbff61b3b6396daf) Importer(815301076,1909f56bfc062723c751e8b465ee728b)  -> (artifact id: '565e7a991a059127cdcf79efb9f40847') in 0.005336 seconds
  Import took 0.016357 seconds .

========================================================================
Received Prepare
Registering precompiled user dll's ...
Registered in 0.003913 seconds.
Begin MonoManager ReloadAssembly
Native extension for WindowsStandalone target not found
Native extension for WebGL target not found
Refreshing native plugins compatible for Editor in 0.52 ms, found 0 plugins.
Preloading 0 native plugins for Editor in 0.00 ms.
Mono: successfully reloaded assembly
- Completed reload, in  1.066 seconds
Platform modules already initialized, skipping
Refreshing native plugins compatible for Editor in 0.46 ms, found 0 plugins.
Preloading 0 native plugins for Editor in 0.00 ms.
Unloading 1482 Unused Serialized files (Serialized files now loaded: 0)
System memory in use before: 74.1 MB.
System memory in use after: 74.2 MB.

Unloading 5 unused Assets to reduce memory usage. Loaded Objects now: 2011.
Total: 2.303300 ms (FindLiveObjects: 0.192100 ms CreateObjectMapping: 0.061800 ms MarkObjects: 1.976700 ms  DeleteObjects: 0.071500 ms)

========================================================================
Received Prepare
Registering precompiled user dll's ...
Registered in 0.000775 seconds.
Begin MonoManager ReloadAssembly
Native extension for WindowsStandalone target not found
Native extension for WebGL target not found
Refreshing native plugins compatible for Editor in 0.30 ms, found 0 plugins.
Preloading 0 native plugins for Editor in 0.00 ms.
Mono: successfully reloaded assembly
- Completed reload, in  0.991 seconds
Platform modules already initialized, skipping
Refreshing native plugins compatible for Editor in 0.29 ms, found 0 plugins.
Preloading 0 native plugins for Editor in 0.00 ms.
Unloading 1482 Unused Serialized files (Serialized files now loaded: 0)
System memory in use before: 74.1 MB.
System memory in use after: 74.2 MB.

Unloading 5 unused Assets to reduce memory usage. Loaded Objects now: 2014.
Total: 2.156700 ms (FindLiveObjects: 0.250100 ms CreateObjectMapping: 0.059000 ms MarkObjects: 1.753900 ms  DeleteObjects: 0.092700 ms)

========================================================================
Received Prepare
Registering precompiled user dll's ...
Registered in 0.000857 seconds.
Begin MonoManager ReloadAssembly
Native extension for WindowsStandalone target not found
Native extension for WebGL target not found
Refreshing native plugins compatible for Editor in 0.38 ms, found 0 plugins.
Preloading 0 native plugins for Editor in 0.00 ms.
Mono: successfully reloaded assembly
- Completed reload, in  0.993 seconds
Platform modules already initialized, skipping
Refreshing native plugins compatible for Editor in 0.30 ms, found 0 plugins.
Preloading 0 native plugins for Editor in 0.00 ms.
Unloading 1482 Unused Serialized files (Serialized files now loaded: 0)
System memory in use before: 74.1 MB.
System memory in use after: 74.2 MB.

Unloading 5 unused Assets to reduce memory usage. Loaded Objects now: 2017.
Total: 1.966100 ms (FindLiveObjects: 0.279300 ms CreateObjectMapping: 0.085200 ms MarkObjects: 1.526600 ms  DeleteObjects: 0.073700 ms)

========================================================================
Received Prepare
Registering precompiled user dll's ...
Registered in 0.000901 seconds.
Begin MonoManager ReloadAssembly
Native extension for WindowsStandalone target not found
Native extension for WebGL target not found
Refreshing native plugins compatible for Editor in 0.28 ms, found 0 plugins.
Preloading 0 native plugins for Editor in 0.00 ms.
Mono: successfully reloaded assembly
- Completed reload, in  0.963 seconds
Platform modules already initialized, skipping
Refreshing native plugins compatible for Editor in 0.31 ms, found 0 plugins.
Preloading 0 native plugins for Editor in 0.00 ms.
Unloading 1482 Unused Serialized files (Serialized files now loaded: 0)
System memory in use before: 74.1 MB.
System memory in use after: 74.2 MB.

Unloading 5 unused Assets to reduce memory usage. Loaded Objects now: 2020.
Total: 3.009800 ms (FindLiveObjects: 0.433200 ms CreateObjectMapping: 0.365500 ms MarkObjects: 2.093100 ms  DeleteObjects: 0.116300 ms)

========================================================================
Received Import Request.
  Time since last request: 1170.642998 seconds.
  path: Assets/Resources/Prefabs/Level 1.prefab
  artifactKey: Guid(e3d2b2dd702140145a286dbeab22876b) Importer(815301076,1909f56bfc062723c751e8b465ee728b)
Start importing Assets/Resources/Prefabs/Level 1.prefab using Guid(e3d2b2dd702140145a286dbeab22876b) Importer(815301076,1909f56bfc062723c751e8b465ee728b)  -> (artifact id: '501d2e9d22caf86387e20d62e4088939') in 0.113387 seconds
  Import took 0.117804 seconds .

========================================================================
Received Import Request.
  Time since last request: 0.000597 seconds.
  path: Assets/Resources/Prefabs/Level 1.prefab
  artifactKey: Guid(e3d2b2dd702140145a286dbeab22876b) Importer(815301076,1909f56bfc062723c751e8b465ee728b)
Start importing Assets/Resources/Prefabs/Level 1.prefab using Guid(e3d2b2dd702140145a286dbeab22876b) Importer(815301076,1909f56bfc062723c751e8b465ee728b)  -> (artifact id: '501d2e9d22caf86387e20d62e4088939') in 0.009524 seconds
  Import took 0.012937 seconds .

========================================================================
Received Import Request.
  Time since last request: 20.420816 seconds.
  path: Assets/Resources/Prefabs/Level1.prefab
  artifactKey: Guid(e3d2b2dd702140145a286dbeab22876b) Importer(815301076,1909f56bfc062723c751e8b465ee728b)
Start importing Assets/Resources/Prefabs/Level1.prefab using Guid(e3d2b2dd702140145a286dbeab22876b) Importer(815301076,1909f56bfc062723c751e8b465ee728b)  -> (artifact id: '5f99e3c719d23ad236e3698657505ef8') in 0.018592 seconds
  Import took 0.021948 seconds .

========================================================================
Received Import Request.
  Time since last request: 0.020195 seconds.
  path: Assets/Resources/Prefabs/Level1.prefab
  artifactKey: Guid(e3d2b2dd702140145a286dbeab22876b) Importer(815301076,1909f56bfc062723c751e8b465ee728b)
Start importing Assets/Resources/Prefabs/Level1.prefab using Guid(e3d2b2dd702140145a286dbeab22876b) Importer(815301076,1909f56bfc062723c751e8b465ee728b)  -> (artifact id: '5f99e3c719d23ad236e3698657505ef8') in 0.012486 seconds
  Import took 0.018823 seconds .

========================================================================
Received Prepare
Registering precompiled user dll's ...
Registered in 0.000790 seconds.
Begin MonoManager ReloadAssembly
Native extension for WindowsStandalone target not found
Native extension for WebGL target not found
Refreshing native plugins compatible for Editor in 0.33 ms, found 0 plugins.
Preloading 0 native plugins for Editor in 0.00 ms.
Mono: successfully reloaded assembly
- Completed reload, in  1.048 seconds
Platform modules already initialized, skipping
Refreshing native plugins compatible for Editor in 0.30 ms, found 0 plugins.
Preloading 0 native plugins for Editor in 0.00 ms.
Unloading 1482 Unused Serialized files (Serialized files now loaded: 0)
System memory in use before: 74.1 MB.
System memory in use after: 74.2 MB.

Unloading 6 unused Assets to reduce memory usage. Loaded Objects now: 2025.
Total: 2.240300 ms (FindLiveObjects: 0.183500 ms CreateObjectMapping: 0.081400 ms MarkObjects: 1.886700 ms  DeleteObjects: 0.087200 ms)

========================================================================
Received Prepare
Registering precompiled user dll's ...
Registered in 0.000798 seconds.
Begin MonoManager ReloadAssembly
Native extension for WindowsStandalone target not found
Native extension for WebGL target not found
Refreshing native plugins compatible for Editor in 0.30 ms, found 0 plugins.
Preloading 0 native plugins for Editor in 0.00 ms.
Mono: successfully reloaded assembly
- Completed reload, in  0.952 seconds
Platform modules already initialized, skipping
Refreshing native plugins compatible for Editor in 0.39 ms, found 0 plugins.
Preloading 0 native plugins for Editor in 0.00 ms.
Unloading 1482 Unused Serialized files (Serialized files now loaded: 0)
System memory in use before: 74.1 MB.
System memory in use after: 74.2 MB.

Unloading 5 unused Assets to reduce memory usage. Loaded Objects now: 2028.
Total: 1.896100 ms (FindLiveObjects: 0.205500 ms CreateObjectMapping: 0.091800 ms MarkObjects: 1.525400 ms  DeleteObjects: 0.072500 ms)

========================================================================
Received Prepare
Registering precompiled user dll's ...
Registered in 0.001194 seconds.
Begin MonoManager ReloadAssembly
Native extension for WindowsStandalone target not found
Native extension for WebGL target not found
Refreshing native plugins compatible for Editor in 0.31 ms, found 0 plugins.
Preloading 0 native plugins for Editor in 0.00 ms.
Mono: successfully reloaded assembly
- Completed reload, in  1.010 seconds
Platform modules already initialized, skipping
Refreshing native plugins compatible for Editor in 0.28 ms, found 0 plugins.
Preloading 0 native plugins for Editor in 0.00 ms.
Unloading 1482 Unused Serialized files (Serialized files now loaded: 0)
System memory in use before: 74.1 MB.
System memory in use after: 74.2 MB.

Unloading 5 unused Assets to reduce memory usage. Loaded Objects now: 2031.
Total: 2.639800 ms (FindLiveObjects: 0.265000 ms CreateObjectMapping: 0.064100 ms MarkObjects: 2.194500 ms  DeleteObjects: 0.113400 ms)

========================================================================
Received Prepare
Registering precompiled user dll's ...
Registered in 0.000897 seconds.
Begin MonoManager ReloadAssembly
Native extension for WindowsStandalone target not found
Native extension for WebGL target not found
Refreshing native plugins compatible for Editor in 0.44 ms, found 0 plugins.
Preloading 0 native plugins for Editor in 0.00 ms.
Mono: successfully reloaded assembly
- Completed reload, in  1.048 seconds
Platform modules already initialized, skipping
Refreshing native plugins compatible for Editor in 0.29 ms, found 0 plugins.
Preloading 0 native plugins for Editor in 0.00 ms.
Unloading 1482 Unused Serialized files (Serialized files now loaded: 0)
System memory in use before: 74.2 MB.
System memory in use after: 74.2 MB.

Unloading 5 unused Assets to reduce memory usage. Loaded Objects now: 2034.
Total: 1.984100 ms (FindLiveObjects: 0.178400 ms CreateObjectMapping: 0.050200 ms MarkObjects: 1.665600 ms  DeleteObjects: 0.089200 ms)

========================================================================
Received Prepare
Registering precompiled user dll's ...
Registered in 0.001458 seconds.
Begin MonoManager ReloadAssembly
Native extension for WindowsStandalone target not found
Native extension for WebGL target not found
Refreshing native plugins compatible for Editor in 0.35 ms, found 0 plugins.
Preloading 0 native plugins for Editor in 0.00 ms.
Mono: successfully reloaded assembly
- Completed reload, in  1.073 seconds
Platform modules already initialized, skipping
Refreshing native plugins compatible for Editor in 0.32 ms, found 0 plugins.
Preloading 0 native plugins for Editor in 0.00 ms.
Unloading 1482 Unused Serialized files (Serialized files now loaded: 0)
System memory in use before: 74.2 MB.
System memory in use after: 74.2 MB.

Unloading 5 unused Assets to reduce memory usage. Loaded Objects now: 2037.
Total: 2.731500 ms (FindLiveObjects: 0.181400 ms CreateObjectMapping: 0.080900 ms MarkObjects: 2.365000 ms  DeleteObjects: 0.102600 ms)

========================================================================
Received Prepare
Registering precompiled user dll's ...
Registered in 0.000862 seconds.
Begin MonoManager ReloadAssembly
Native extension for WindowsStandalone target not found
Native extension for WebGL target not found
Refreshing native plugins compatible for Editor in 0.38 ms, found 0 plugins.
Preloading 0 native plugins for Editor in 0.00 ms.
Mono: successfully reloaded assembly
- Completed reload, in  1.081 seconds
Platform modules already initialized, skipping
Refreshing native plugins compatible for Editor in 0.30 ms, found 0 plugins.
Preloading 0 native plugins for Editor in 0.00 ms.
Unloading 1482 Unused Serialized files (Serialized files now loaded: 0)
System memory in use before: 74.2 MB.
System memory in use after: 74.2 MB.

Unloading 5 unused Assets to reduce memory usage. Loaded Objects now: 2040.
Total: 3.828500 ms (FindLiveObjects: 0.331200 ms CreateObjectMapping: 0.091300 ms MarkObjects: 3.243300 ms  DeleteObjects: 0.159300 ms)

========================================================================
Received Prepare
Registering precompiled user dll's ...
Registered in 0.002134 seconds.
Begin MonoManager ReloadAssembly
Native extension for WindowsStandalone target not found
Native extension for WebGL target not found
Refreshing native plugins compatible for Editor in 0.33 ms, found 0 plugins.
Preloading 0 native plugins for Editor in 0.00 ms.
Mono: successfully reloaded assembly
- Completed reload, in  1.028 seconds
Platform modules already initialized, skipping
Refreshing native plugins compatible for Editor in 0.31 ms, found 0 plugins.
Preloading 0 native plugins for Editor in 0.00 ms.
Unloading 1482 Unused Serialized files (Serialized files now loaded: 0)
System memory in use before: 74.2 MB.
System memory in use after: 74.2 MB.

Unloading 5 unused Assets to reduce memory usage. Loaded Objects now: 2043.
Total: 2.031900 ms (FindLiveObjects: 0.211600 ms CreateObjectMapping: 0.059100 ms MarkObjects: 1.681800 ms  DeleteObjects: 0.078400 ms)

========================================================================
Received Prepare
Registering precompiled user dll's ...
Registered in 0.000760 seconds.
Begin MonoManager ReloadAssembly
Native extension for WindowsStandalone target not found
Native extension for WebGL target not found
Refreshing native plugins compatible for Editor in 0.33 ms, found 0 plugins.
Preloading 0 native plugins for Editor in 0.00 ms.
Mono: successfully reloaded assembly
- Completed reload, in  1.084 seconds
Platform modules already initialized, skipping
Refreshing native plugins compatible for Editor in 0.36 ms, found 0 plugins.
Preloading 0 native plugins for Editor in 0.00 ms.
Unloading 1482 Unused Serialized files (Serialized files now loaded: 0)
System memory in use before: 74.2 MB.
System memory in use after: 74.3 MB.

Unloading 5 unused Assets to reduce memory usage. Loaded Objects now: 2046.
Total: 2.130700 ms (FindLiveObjects: 0.212400 ms CreateObjectMapping: 0.116600 ms MarkObjects: 1.702100 ms  DeleteObjects: 0.097700 ms)

========================================================================
Received Prepare
Registering precompiled user dll's ...
Registered in 0.001241 seconds.
Begin MonoManager ReloadAssembly
Native extension for WindowsStandalone target not found
Native extension for WebGL target not found
Refreshing native plugins compatible for Editor in 0.54 ms, found 0 plugins.
Preloading 0 native plugins for Editor in 0.00 ms.
Mono: successfully reloaded assembly
- Completed reload, in  1.075 seconds
Platform modules already initialized, skipping
Refreshing native plugins compatible for Editor in 0.31 ms, found 0 plugins.
Preloading 0 native plugins for Editor in 0.00 ms.
Unloading 1482 Unused Serialized files (Serialized files now loaded: 0)
System memory in use before: 74.2 MB.
System memory in use after: 74.3 MB.

Unloading 5 unused Assets to reduce memory usage. Loaded Objects now: 2049.
Total: 2.494500 ms (FindLiveObjects: 0.365100 ms CreateObjectMapping: 0.077800 ms MarkObjects: 1.953000 ms  DeleteObjects: 0.097200 ms)

========================================================================
Received Prepare
Registering precompiled user dll's ...
Registered in 0.000828 seconds.
Begin MonoManager ReloadAssembly
Native extension for WindowsStandalone target not found
Native extension for WebGL target not found
Refreshing native plugins compatible for Editor in 0.46 ms, found 0 plugins.
Preloading 0 native plugins for Editor in 0.00 ms.
Mono: successfully reloaded assembly
- Completed reload, in  1.786 seconds
Platform modules already initialized, skipping
Refreshing native plugins compatible for Editor in 0.50 ms, found 0 plugins.
Preloading 0 native plugins for Editor in 0.00 ms.
Unloading 1482 Unused Serialized files (Serialized files now loaded: 0)
System memory in use before: 74.2 MB.
System memory in use after: 74.3 MB.

Unloading 5 unused Assets to reduce memory usage. Loaded Objects now: 2052.
Total: 3.585300 ms (FindLiveObjects: 0.343000 ms CreateObjectMapping: 0.098800 ms MarkObjects: 3.020900 ms  DeleteObjects: 0.120200 ms)

========================================================================
Received Prepare
Registering precompiled user dll's ...
Registered in 0.001372 seconds.
Begin MonoManager ReloadAssembly
Native extension for WindowsStandalone target not found
Native extension for WebGL target not found
Refreshing native plugins compatible for Editor in 0.33 ms, found 0 plugins.
Preloading 0 native plugins for Editor in 0.00 ms.
Mono: successfully reloaded assembly
- Completed reload, in  1.085 seconds
Platform modules already initialized, skipping
Refreshing native plugins compatible for Editor in 0.28 ms, found 0 plugins.
Preloading 0 native plugins for Editor in 0.00 ms.
Unloading 1482 Unused Serialized files (Serialized files now loaded: 0)
System memory in use before: 74.2 MB.
System memory in use after: 74.3 MB.

Unloading 5 unused Assets to reduce memory usage. Loaded Objects now: 2055.
Total: 2.058100 ms (FindLiveObjects: 0.188900 ms CreateObjectMapping: 0.057400 ms MarkObjects: 1.733500 ms  DeleteObjects: 0.077300 ms)

========================================================================
Received Prepare
Registering precompiled user dll's ...
Registered in 0.006684 seconds.
Begin MonoManager ReloadAssembly
Native extension for WindowsStandalone target not found
Native extension for WebGL target not found
Refreshing native plugins compatible for Editor in 0.34 ms, found 0 plugins.
Preloading 0 native plugins for Editor in 0.00 ms.
Mono: successfully reloaded assembly
- Completed reload, in  1.095 seconds
Platform modules already initialized, skipping
Refreshing native plugins compatible for Editor in 0.31 ms, found 0 plugins.
Preloading 0 native plugins for Editor in 0.00 ms.
Unloading 1482 Unused Serialized files (Serialized files now loaded: 0)
System memory in use before: 74.2 MB.
System memory in use after: 74.3 MB.

Unloading 5 unused Assets to reduce memory usage. Loaded Objects now: 2058.
Total: 2.429900 ms (FindLiveObjects: 0.237000 ms CreateObjectMapping: 0.130400 ms MarkObjects: 1.984400 ms  DeleteObjects: 0.077000 ms)

========================================================================
Received Prepare
Registering precompiled user dll's ...
Registered in 0.002345 seconds.
Begin MonoManager ReloadAssembly
Native extension for WindowsStandalone target not found
Native extension for WebGL target not found
Refreshing native plugins compatible for Editor in 0.64 ms, found 0 plugins.
Preloading 0 native plugins for Editor in 0.00 ms.
Mono: successfully reloaded assembly
- Completed reload, in  1.463 seconds
Platform modules already initialized, skipping
Refreshing native plugins compatible for Editor in 0.31 ms, found 0 plugins.
Preloading 0 native plugins for Editor in 0.00 ms.
Unloading 1482 Unused Serialized files (Serialized files now loaded: 0)
System memory in use before: 74.2 MB.
System memory in use after: 74.3 MB.

Unloading 5 unused Assets to reduce memory usage. Loaded Objects now: 2061.
Total: 2.158400 ms (FindLiveObjects: 0.267900 ms CreateObjectMapping: 0.070000 ms MarkObjects: 1.742500 ms  DeleteObjects: 0.076800 ms)

========================================================================
Received Import Request.
  Time since last request: 1719.711930 seconds.
  path: Assets/Resources/Prefabs/Player.prefab
  artifactKey: Guid(6e5e468da63f4f442ae3511904ff987b) Importer(815301076,1909f56bfc062723c751e8b465ee728b)
Start importing Assets/Resources/Prefabs/Player.prefab using Guid(6e5e468da63f4f442ae3511904ff987b) Importer(815301076,1909f56bfc062723c751e8b465ee728b)  -> (artifact id: '3141a23390ae7e3d6dead17a0325b6ec') in 0.067789 seconds
  Import took 0.070746 seconds .

========================================================================
Received Import Request.
  Time since last request: 0.000264 seconds.
  path: Assets/Resources/Prefabs/Level1.prefab
  artifactKey: Guid(e3d2b2dd702140145a286dbeab22876b) Importer(815301076,1909f56bfc062723c751e8b465ee728b)
Start importing Assets/Resources/Prefabs/Level1.prefab using Guid(e3d2b2dd702140145a286dbeab22876b) Importer(815301076,1909f56bfc062723c751e8b465ee728b)  -> (artifact id: 'f69ee8e9b73200e0290d33be603b9cb0') in 0.015381 seconds
  Import took 0.018521 seconds .

========================================================================
Received Import Request.
  Time since last request: 10.227753 seconds.
  path: Assets/Resources/Prefabs/Player.prefab
  artifactKey: Guid(6e5e468da63f4f442ae3511904ff987b) Importer(815301076,1909f56bfc062723c751e8b465ee728b)
Start importing Assets/Resources/Prefabs/Player.prefab using Guid(6e5e468da63f4f442ae3511904ff987b) Importer(815301076,1909f56bfc062723c751e8b465ee728b)  -> (artifact id: '5f75c408950b58ea185369fee01e4141') in 0.011855 seconds
  Import took 0.017691 seconds .

========================================================================
Received Prepare
Registering precompiled user dll's ...
Registered in 0.001103 seconds.
Begin MonoManager ReloadAssembly
Native extension for WindowsStandalone target not found
Native extension for WebGL target not found
Refreshing native plugins compatible for Editor in 0.35 ms, found 0 plugins.
Preloading 0 native plugins for Editor in 0.00 ms.
Mono: successfully reloaded assembly
- Completed reload, in  1.363 seconds
Platform modules already initialized, skipping
Refreshing native plugins compatible for Editor in 0.31 ms, found 0 plugins.
Preloading 0 native plugins for Editor in 0.00 ms.
Unloading 1482 Unused Serialized files (Serialized files now loaded: 0)
System memory in use before: 74.2 MB.
System memory in use after: 74.3 MB.

Unloading 6 unused Assets to reduce memory usage. Loaded Objects now: 2065.
Total: 2.659800 ms (FindLiveObjects: 0.211700 ms CreateObjectMapping: 0.074300 ms MarkObjects: 2.279900 ms  DeleteObjects: 0.091400 ms)

========================================================================
Received Import Request.
  Time since last request: 1015.409866 seconds.
  path: Assets/Scenes/SampleScene/NavMesh.asset
  artifactKey: Guid(c8eb1d5648ac6864ab14e30becf27810) Importer(815301076,1909f56bfc062723c751e8b465ee728b)
Start importing Assets/Scenes/SampleScene/NavMesh.asset using Guid(c8eb1d5648ac6864ab14e30becf27810) Importer(815301076,1909f56bfc062723c751e8b465ee728b)  -> (artifact id: 'ebdfe412a58f018eff9b0f9c3fbdacff') in 0.021372 seconds
  Import took 0.029265 seconds .

========================================================================
Received Prepare
Registering precompiled user dll's ...
Registered in 0.000798 seconds.
Begin MonoManager ReloadAssembly
Native extension for WindowsStandalone target not found
Native extension for WebGL target not found
Refreshing native plugins compatible for Editor in 0.28 ms, found 0 plugins.
Preloading 0 native plugins for Editor in 0.00 ms.
Mono: successfully reloaded assembly
- Completed reload, in  1.086 seconds
Platform modules already initialized, skipping
Refreshing native plugins compatible for Editor in 0.28 ms, found 0 plugins.
Preloading 0 native plugins for Editor in 0.00 ms.
Unloading 1482 Unused Serialized files (Serialized files now loaded: 0)
System memory in use before: 74.2 MB.
System memory in use after: 74.3 MB.

Unloading 5 unused Assets to reduce memory usage. Loaded Objects now: 2068.
Total: 2.838600 ms (FindLiveObjects: 0.378600 ms CreateObjectMapping: 0.136800 ms MarkObjects: 2.240100 ms  DeleteObjects: 0.082100 ms)

========================================================================
Received Import Request.
  Time since last request: 478.611311 seconds.
  path: Assets/Scripts/Enemy.cs
  artifactKey: Guid(64aec76600d73fc4ba71a9affc6dae9d) Importer(815301076,1909f56bfc062723c751e8b465ee728b)
Start importing Assets/Scripts/Enemy.cs using Guid(64aec76600d73fc4ba71a9affc6dae9d) Importer(815301076,1909f56bfc062723c751e8b465ee728b)  -> (artifact id: 'f65c7fccc807d51286762d885c2c1727') in 0.019712 seconds
  Import took 0.025355 seconds .

========================================================================
Received Prepare
Registering precompiled user dll's ...
Registered in 0.000734 seconds.
Begin MonoManager ReloadAssembly
Native extension for WindowsStandalone target not found
Native extension for WebGL target not found
Refreshing native plugins compatible for Editor in 0.44 ms, found 0 plugins.
Preloading 0 native plugins for Editor in 0.00 ms.
Mono: successfully reloaded assembly
- Completed reload, in  1.090 seconds
Platform modules already initialized, skipping
Refreshing native plugins compatible for Editor in 0.28 ms, found 0 plugins.
Preloading 0 native plugins for Editor in 0.00 ms.
Unloading 1483 Unused Serialized files (Serialized files now loaded: 0)
System memory in use before: 74.3 MB.
System memory in use after: 74.3 MB.

Unloading 5 unused Assets to reduce memory usage. Loaded Objects now: 2072.
Total: 2.122600 ms (FindLiveObjects: 0.200500 ms CreateObjectMapping: 0.058800 ms MarkObjects: 1.786400 ms  DeleteObjects: 0.075900 ms)

========================================================================
Received Prepare
Registering precompiled user dll's ...
Registered in 0.002521 seconds.
Begin MonoManager ReloadAssembly
Native extension for WindowsStandalone target not found
Native extension for WebGL target not found
Refreshing native plugins compatible for Editor in 0.48 ms, found 0 plugins.
Preloading 0 native plugins for Editor in 0.00 ms.
Mono: successfully reloaded assembly
- Completed reload, in  1.127 seconds
Platform modules already initialized, skipping
Refreshing native plugins compatible for Editor in 0.30 ms, found 0 plugins.
Preloading 0 native plugins for Editor in 0.00 ms.
Unloading 1483 Unused Serialized files (Serialized files now loaded: 0)
System memory in use before: 74.3 MB.
System memory in use after: 74.3 MB.

Unloading 5 unused Assets to reduce memory usage. Loaded Objects now: 2075.
Total: 2.470200 ms (FindLiveObjects: 0.353800 ms CreateObjectMapping: 0.073500 ms MarkObjects: 1.966100 ms  DeleteObjects: 0.075400 ms)

========================================================================
Received Import Request.
  Time since last request: 214.074633 seconds.
  path: Assets/Scripts/Enemy.cs
  artifactKey: Guid(64aec76600d73fc4ba71a9affc6dae9d) Importer(815301076,1909f56bfc062723c751e8b465ee728b)
Start importing Assets/Scripts/Enemy.cs using Guid(64aec76600d73fc4ba71a9affc6dae9d) Importer(815301076,1909f56bfc062723c751e8b465ee728b)  -> (artifact id: 'd6015d20bdb6abfa7365d573937c78e7') in 0.004901 seconds
  Import took 0.007825 seconds .

========================================================================
Received Prepare
Registering precompiled user dll's ...
Registered in 0.000862 seconds.
Begin MonoManager ReloadAssembly
Native extension for WindowsStandalone target not found
Native extension for WebGL target not found
Refreshing native plugins compatible for Editor in 0.27 ms, found 0 plugins.
Preloading 0 native plugins for Editor in 0.00 ms.
Mono: successfully reloaded assembly
- Completed reload, in  1.170 seconds
Platform modules already initialized, skipping
Refreshing native plugins compatible for Editor in 0.34 ms, found 0 plugins.
Preloading 0 native plugins for Editor in 0.00 ms.
Unloading 1483 Unused Serialized files (Serialized files now loaded: 0)
System memory in use before: 74.3 MB.
System memory in use after: 74.3 MB.

Unloading 5 unused Assets to reduce memory usage. Loaded Objects now: 2078.
Total: 2.322000 ms (FindLiveObjects: 0.211800 ms CreateObjectMapping: 0.054500 ms MarkObjects: 1.923700 ms  DeleteObjects: 0.129700 ms)

========================================================================
Received Import Request.
  Time since last request: 1763.985606 seconds.
  path: Assets/Resources/Prefabs/Enemy.prefab
  artifactKey: Guid(1fcc20ee8799a7e499374fa52ce792b9) Importer(815301076,1909f56bfc062723c751e8b465ee728b)
Start importing Assets/Resources/Prefabs/Enemy.prefab using Guid(1fcc20ee8799a7e499374fa52ce792b9) Importer(815301076,1909f56bfc062723c751e8b465ee728b)  -> (artifact id: '566e4c07634203a68c981b1b9defcc8b') in 0.083544 seconds
  Import took 0.087505 seconds .

========================================================================
Received Prepare
Registering precompiled user dll's ...
Registered in 0.000998 seconds.
Begin MonoManager ReloadAssembly
Native extension for WindowsStandalone target not found
Native extension for WebGL target not found
Refreshing native plugins compatible for Editor in 0.50 ms, found 0 plugins.
Preloading 0 native plugins for Editor in 0.00 ms.
Mono: successfully reloaded assembly
- Completed reload, in  1.323 seconds
Platform modules already initialized, skipping
Refreshing native plugins compatible for Editor in 0.33 ms, found 0 plugins.
Preloading 0 native plugins for Editor in 0.00 ms.
Unloading 1483 Unused Serialized files (Serialized files now loaded: 0)
System memory in use before: 74.3 MB.
System memory in use after: 74.4 MB.

Unloading 6 unused Assets to reduce memory usage. Loaded Objects now: 2083.
Total: 2.728300 ms (FindLiveObjects: 0.191100 ms CreateObjectMapping: 0.081300 ms MarkObjects: 2.362000 ms  DeleteObjects: 0.092100 ms)

========================================================================
Received Prepare
Registering precompiled user dll's ...
Registered in 0.000961 seconds.
Begin MonoManager ReloadAssembly
Native extension for WindowsStandalone target not found
Native extension for WebGL target not found
Refreshing native plugins compatible for Editor in 0.40 ms, found 0 plugins.
Preloading 0 native plugins for Editor in 0.00 ms.
Mono: successfully reloaded assembly
- Completed reload, in  1.253 seconds
Platform modules already initialized, skipping
Refreshing native plugins compatible for Editor in 0.32 ms, found 0 plugins.
Preloading 0 native plugins for Editor in 0.00 ms.
Unloading 1483 Unused Serialized files (Serialized files now loaded: 0)
System memory in use before: 74.3 MB.
System memory in use after: 74.4 MB.

Unloading 5 unused Assets to reduce memory usage. Loaded Objects now: 2086.
Total: 5.016000 ms (FindLiveObjects: 0.236100 ms CreateObjectMapping: 0.062300 ms MarkObjects: 4.523300 ms  DeleteObjects: 0.190200 ms)

========================================================================
Received Prepare
Registering precompiled user dll's ...
Registered in 0.001762 seconds.
Begin MonoManager ReloadAssembly
Native extension for WindowsStandalone target not found
Native extension for WebGL target not found
Refreshing native plugins compatible for Editor in 0.50 ms, found 0 plugins.
Preloading 0 native plugins for Editor in 0.00 ms.
Mono: successfully reloaded assembly
- Completed reload, in  1.178 seconds
Platform modules already initialized, skipping
Refreshing native plugins compatible for Editor in 0.32 ms, found 0 plugins.
Preloading 0 native plugins for Editor in 0.00 ms.
Unloading 1483 Unused Serialized files (Serialized files now loaded: 0)
System memory in use before: 74.3 MB.
System memory in use after: 74.4 MB.

Unloading 5 unused Assets to reduce memory usage. Loaded Objects now: 2089.
Total: 2.337100 ms (FindLiveObjects: 0.187700 ms CreateObjectMapping: 0.062000 ms MarkObjects: 1.983200 ms  DeleteObjects: 0.102800 ms)

========================================================================
Received Prepare
Registering precompiled user dll's ...
Registered in 0.000824 seconds.
Begin MonoManager ReloadAssembly
Native extension for WindowsStandalone target not found
Native extension for WebGL target not found
Refreshing native plugins compatible for Editor in 0.32 ms, found 0 plugins.
Preloading 0 native plugins for Editor in 0.00 ms.
Mono: successfully reloaded assembly
- Completed reload, in  1.256 seconds
Platform modules already initialized, skipping
Refreshing native plugins compatible for Editor in 0.32 ms, found 0 plugins.
Preloading 0 native plugins for Editor in 0.00 ms.
Unloading 1483 Unused Serialized files (Serialized files now loaded: 0)
System memory in use before: 74.3 MB.
System memory in use after: 74.4 MB.

Unloading 5 unused Assets to reduce memory usage. Loaded Objects now: 2092.
Total: 4.207200 ms (FindLiveObjects: 0.287700 ms CreateObjectMapping: 0.143700 ms MarkObjects: 3.669100 ms  DeleteObjects: 0.105100 ms)

========================================================================
Received Prepare
Registering precompiled user dll's ...
Registered in 0.001405 seconds.
Begin MonoManager ReloadAssembly
Native extension for WindowsStandalone target not found
Native extension for WebGL target not found
Refreshing native plugins compatible for Editor in 0.34 ms, found 0 plugins.
Preloading 0 native plugins for Editor in 0.00 ms.
Mono: successfully reloaded assembly
- Completed reload, in  1.133 seconds
Platform modules already initialized, skipping
Refreshing native plugins compatible for Editor in 0.31 ms, found 0 plugins.
Preloading 0 native plugins for Editor in 0.00 ms.
Unloading 1483 Unused Serialized files (Serialized files now loaded: 0)
System memory in use before: 74.3 MB.
System memory in use after: 74.4 MB.

Unloading 5 unused Assets to reduce memory usage. Loaded Objects now: 2095.
Total: 2.556000 ms (FindLiveObjects: 0.343400 ms CreateObjectMapping: 0.062600 ms MarkObjects: 2.043900 ms  DeleteObjects: 0.103800 ms)

========================================================================
Received Prepare
Registering precompiled user dll's ...
Registered in 0.001278 seconds.
Begin MonoManager ReloadAssembly
Native extension for WindowsStandalone target not found
Native extension for WebGL target not found
Refreshing native plugins compatible for Editor in 0.35 ms, found 0 plugins.
Preloading 0 native plugins for Editor in 0.00 ms.
Mono: successfully reloaded assembly
- Completed reload, in  1.285 seconds
Platform modules already initialized, skipping
Refreshing native plugins compatible for Editor in 0.29 ms, found 0 plugins.
Preloading 0 native plugins for Editor in 0.00 ms.
Unloading 1483 Unused Serialized files (Serialized files now loaded: 0)
System memory in use before: 74.3 MB.
System memory in use after: 74.4 MB.

Unloading 5 unused Assets to reduce memory usage. Loaded Objects now: 2098.
Total: 2.195700 ms (FindLiveObjects: 0.205200 ms CreateObjectMapping: 0.055800 ms MarkObjects: 1.834400 ms  DeleteObjects: 0.099500 ms)

========================================================================
Received Prepare
Registering precompiled user dll's ...
Registered in 0.001202 seconds.
Begin MonoManager ReloadAssembly
Native extension for WindowsStandalone target not found
Native extension for WebGL target not found
Refreshing native plugins compatible for Editor in 0.34 ms, found 0 plugins.
Preloading 0 native plugins for Editor in 0.00 ms.
Mono: successfully reloaded assembly
- Completed reload, in  1.297 seconds
Platform modules already initialized, skipping
Refreshing native plugins compatible for Editor in 0.31 ms, found 0 plugins.
Preloading 0 native plugins for Editor in 0.00 ms.
Unloading 1483 Unused Serialized files (Serialized files now loaded: 0)
System memory in use before: 74.4 MB.
System memory in use after: 74.4 MB.

Unloading 5 unused Assets to reduce memory usage. Loaded Objects now: 2101.
Total: 2.322500 ms (FindLiveObjects: 0.219700 ms CreateObjectMapping: 0.062600 ms MarkObjects: 1.906800 ms  DeleteObjects: 0.132500 ms)

========================================================================
Received Prepare
Registering precompiled user dll's ...
Registered in 0.000922 seconds.
Begin MonoManager ReloadAssembly
Native extension for WindowsStandalone target not found
Native extension for WebGL target not found
Refreshing native plugins compatible for Editor in 0.33 ms, found 0 plugins.
Preloading 0 native plugins for Editor in 0.00 ms.
Mono: successfully reloaded assembly
- Completed reload, in  1.082 seconds
Platform modules already initialized, skipping
Refreshing native plugins compatible for Editor in 0.51 ms, found 0 plugins.
Preloading 0 native plugins for Editor in 0.00 ms.
Unloading 1483 Unused Serialized files (Serialized files now loaded: 0)
System memory in use before: 74.4 MB.
System memory in use after: 74.4 MB.

Unloading 5 unused Assets to reduce memory usage. Loaded Objects now: 2104.
Total: 2.680200 ms (FindLiveObjects: 0.298100 ms CreateObjectMapping: 0.065200 ms MarkObjects: 2.221500 ms  DeleteObjects: 0.093700 ms)

========================================================================
Received Prepare
Registering precompiled user dll's ...
Registered in 0.002918 seconds.
Begin MonoManager ReloadAssembly
Native extension for WindowsStandalone target not found
Native extension for WebGL target not found
Refreshing native plugins compatible for Editor in 0.37 ms, found 0 plugins.
Preloading 0 native plugins for Editor in 0.00 ms.
Mono: successfully reloaded assembly
- Completed reload, in  1.282 seconds
Platform modules already initialized, skipping
Refreshing native plugins compatible for Editor in 0.32 ms, found 0 plugins.
Preloading 0 native plugins for Editor in 0.00 ms.
Unloading 1483 Unused Serialized files (Serialized files now loaded: 0)
System memory in use before: 74.4 MB.
System memory in use after: 74.4 MB.

Unloading 5 unused Assets to reduce memory usage. Loaded Objects now: 2107.
Total: 2.792100 ms (FindLiveObjects: 0.338300 ms CreateObjectMapping: 0.110700 ms MarkObjects: 2.230900 ms  DeleteObjects: 0.110300 ms)

========================================================================
Received Prepare
Registering precompiled user dll's ...
Registered in 0.001112 seconds.
Begin MonoManager ReloadAssembly
Native extension for WindowsStandalone target not found
Native extension for WebGL target not found
Refreshing native plugins compatible for Editor in 0.34 ms, found 0 plugins.
Preloading 0 native plugins for Editor in 0.00 ms.
Mono: successfully reloaded assembly
- Completed reload, in  1.017 seconds
Platform modules already initialized, skipping
Refreshing native plugins compatible for Editor in 0.30 ms, found 0 plugins.
Preloading 0 native plugins for Editor in 0.00 ms.
Unloading 1483 Unused Serialized files (Serialized files now loaded: 0)
System memory in use before: 74.4 MB.
System memory in use after: 74.5 MB.

Unloading 5 unused Assets to reduce memory usage. Loaded Objects now: 2110.
Total: 2.278100 ms (FindLiveObjects: 0.187500 ms CreateObjectMapping: 0.052500 ms MarkObjects: 1.958900 ms  DeleteObjects: 0.078200 ms)

========================================================================
Received Prepare
Registering precompiled user dll's ...
Registered in 0.002173 seconds.
Begin MonoManager ReloadAssembly
Native extension for WindowsStandalone target not found
Native extension for WebGL target not found
Refreshing native plugins compatible for Editor in 0.40 ms, found 0 plugins.
Preloading 0 native plugins for Editor in 0.00 ms.
Mono: successfully reloaded assembly
- Completed reload, in  1.475 seconds
Platform modules already initialized, skipping
Refreshing native plugins compatible for Editor in 0.37 ms, found 0 plugins.
Preloading 0 native plugins for Editor in 0.00 ms.
Unloading 1483 Unused Serialized files (Serialized files now loaded: 0)
System memory in use before: 74.4 MB.
System memory in use after: 74.5 MB.

Unloading 5 unused Assets to reduce memory usage. Loaded Objects now: 2113.
Total: 5.206700 ms (FindLiveObjects: 0.260400 ms CreateObjectMapping: 0.115300 ms MarkObjects: 4.631000 ms  DeleteObjects: 0.194100 ms)

========================================================================
Received Prepare
Registering precompiled user dll's ...
Registered in 0.000887 seconds.
Begin MonoManager ReloadAssembly
Native extension for WindowsStandalone target not found
Native extension for WebGL target not found
Refreshing native plugins compatible for Editor in 0.48 ms, found 0 plugins.
Preloading 0 native plugins for Editor in 0.00 ms.
Mono: successfully reloaded assembly
- Completed reload, in  0.970 seconds
Platform modules already initialized, skipping
Refreshing native plugins compatible for Editor in 0.31 ms, found 0 plugins.
Preloading 0 native plugins for Editor in 0.00 ms.
Unloading 1483 Unused Serialized files (Serialized files now loaded: 0)
System memory in use before: 74.4 MB.
System memory in use after: 74.5 MB.

Unloading 5 unused Assets to reduce memory usage. Loaded Objects now: 2116.
Total: 2.644000 ms (FindLiveObjects: 0.301700 ms CreateObjectMapping: 0.108600 ms MarkObjects: 2.151600 ms  DeleteObjects: 0.080800 ms)

========================================================================
Received Import Request.
  Time since last request: 7166.150656 seconds.
  path: Assets/Resources/Prefabs/Enemy.prefab
  artifactKey: Guid(1fcc20ee8799a7e499374fa52ce792b9) Importer(815301076,1909f56bfc062723c751e8b465ee728b)
Start importing Assets/Resources/Prefabs/Enemy.prefab using Guid(1fcc20ee8799a7e499374fa52ce792b9) Importer(815301076,1909f56bfc062723c751e8b465ee728b)  -> (artifact id: '5a1938d91dc1e06e5337f01d95e652bb') in 0.094168 seconds
  Import took 0.097621 seconds .

========================================================================
Received Prepare
Registering precompiled user dll's ...
Registered in 0.000937 seconds.
Begin MonoManager ReloadAssembly
Native extension for WindowsStandalone target not found
Native extension for WebGL target not found
Refreshing native plugins compatible for Editor in 0.41 ms, found 0 plugins.
Preloading 0 native plugins for Editor in 0.00 ms.
Mono: successfully reloaded assembly
- Completed reload, in  1.090 seconds
Platform modules already initialized, skipping
Refreshing native plugins compatible for Editor in 0.30 ms, found 0 plugins.
Preloading 0 native plugins for Editor in 0.00 ms.
Unloading 1483 Unused Serialized files (Serialized files now loaded: 0)
System memory in use before: 74.4 MB.
System memory in use after: 74.5 MB.

Unloading 6 unused Assets to reduce memory usage. Loaded Objects now: 2120.
Total: 2.412300 ms (FindLiveObjects: 0.268700 ms CreateObjectMapping: 0.062600 ms MarkObjects: 1.990800 ms  DeleteObjects: 0.088600 ms)

========================================================================
Received Prepare
Registering precompiled user dll's ...
Registered in 0.001647 seconds.
Begin MonoManager ReloadAssembly
Native extension for WindowsStandalone target not found
Native extension for WebGL target not found
Refreshing native plugins compatible for Editor in 0.35 ms, found 0 plugins.
Preloading 0 native plugins for Editor in 0.00 ms.
Mono: successfully reloaded assembly
- Completed reload, in  0.988 seconds
Platform modules already initialized, skipping
Refreshing native plugins compatible for Editor in 0.28 ms, found 0 plugins.
Preloading 0 native plugins for Editor in 0.00 ms.
Unloading 1483 Unused Serialized files (Serialized files now loaded: 0)
System memory in use before: 74.5 MB.
System memory in use after: 74.6 MB.

Unloading 5 unused Assets to reduce memory usage. Loaded Objects now: 2123.
Total: 2.766300 ms (FindLiveObjects: 0.503400 ms CreateObjectMapping: 0.161800 ms MarkObjects: 2.040800 ms  DeleteObjects: 0.058800 ms)

========================================================================
Received Import Request.
  Time since last request: 722.348177 seconds.
  path: Assets/Resources/Prefabs/Enemy.prefab
  artifactKey: Guid(1fcc20ee8799a7e499374fa52ce792b9) Importer(815301076,1909f56bfc062723c751e8b465ee728b)
Start importing Assets/Resources/Prefabs/Enemy.prefab using Guid(1fcc20ee8799a7e499374fa52ce792b9) Importer(815301076,1909f56bfc062723c751e8b465ee728b)  -> (artifact id: '7f7ddca049018a91634db8a0568c87a9') in 0.105369 seconds
  Import took 0.108976 seconds .

========================================================================
Received Prepare
Registering precompiled user dll's ...
Registered in 0.002102 seconds.
Begin MonoManager ReloadAssembly
Native extension for WindowsStandalone target not found
Native extension for WebGL target not found
Refreshing native plugins compatible for Editor in 0.37 ms, found 0 plugins.
Preloading 0 native plugins for Editor in 0.00 ms.
Mono: successfully reloaded assembly
- Completed reload, in  1.729 seconds
Platform modules already initialized, skipping
Refreshing native plugins compatible for Editor in 0.42 ms, found 0 plugins.
Preloading 0 native plugins for Editor in 0.00 ms.
Unloading 1483 Unused Serialized files (Serialized files now loaded: 0)
System memory in use before: 74.6 MB.
System memory in use after: 74.6 MB.

Unloading 6 unused Assets to reduce memory usage. Loaded Objects now: 2127.
Total: 2.598900 ms (FindLiveObjects: 0.275000 ms CreateObjectMapping: 0.079000 ms MarkObjects: 2.152900 ms  DeleteObjects: 0.090700 ms)

========================================================================
Received Prepare
Registering precompiled user dll's ...
Registered in 0.001499 seconds.
Begin MonoManager ReloadAssembly
Native extension for WindowsStandalone target not found
Native extension for WebGL target not found
Refreshing native plugins compatible for Editor in 0.35 ms, found 0 plugins.
Preloading 0 native plugins for Editor in 0.00 ms.
Mono: successfully reloaded assembly
- Completed reload, in  1.387 seconds
Platform modules already initialized, skipping
Refreshing native plugins compatible for Editor in 0.33 ms, found 0 plugins.
Preloading 0 native plugins for Editor in 0.00 ms.
Unloading 1483 Unused Serialized files (Serialized files now loaded: 0)
System memory in use before: 74.6 MB.
System memory in use after: 74.6 MB.

Unloading 5 unused Assets to reduce memory usage. Loaded Objects now: 2130.
Total: 2.402400 ms (FindLiveObjects: 0.237700 ms CreateObjectMapping: 0.077600 ms MarkObjects: 2.017800 ms  DeleteObjects: 0.068300 ms)

========================================================================
Received Prepare
Registering precompiled user dll's ...
Registered in 0.001105 seconds.
Begin MonoManager ReloadAssembly
Native extension for WindowsStandalone target not found
Native extension for WebGL target not found
Refreshing native plugins compatible for Editor in 0.37 ms, found 0 plugins.
Preloading 0 native plugins for Editor in 0.00 ms.
Mono: successfully reloaded assembly
- Completed reload, in  1.016 seconds
Platform modules already initialized, skipping
Refreshing native plugins compatible for Editor in 0.27 ms, found 0 plugins.
Preloading 0 native plugins for Editor in 0.00 ms.
Unloading 1483 Unused Serialized files (Serialized files now loaded: 0)
System memory in use before: 74.6 MB.
System memory in use after: 74.6 MB.

Unloading 5 unused Assets to reduce memory usage. Loaded Objects now: 2133.
Total: 2.304700 ms (FindLiveObjects: 0.190300 ms CreateObjectMapping: 0.051000 ms MarkObjects: 1.985500 ms  DeleteObjects: 0.076600 ms)

========================================================================
Received Prepare
Registering precompiled user dll's ...
Registered in 0.001304 seconds.
Begin MonoManager ReloadAssembly
Native extension for WindowsStandalone target not found
Native extension for WebGL target not found
Refreshing native plugins compatible for Editor in 0.35 ms, found 0 plugins.
Preloading 0 native plugins for Editor in 0.00 ms.
Mono: successfully reloaded assembly
- Completed reload, in  1.056 seconds
Platform modules already initialized, skipping
Refreshing native plugins compatible for Editor in 0.34 ms, found 0 plugins.
Preloading 0 native plugins for Editor in 0.00 ms.
Unloading 1483 Unused Serialized files (Serialized files now loaded: 0)
System memory in use before: 74.6 MB.
System memory in use after: 74.6 MB.

Unloading 5 unused Assets to reduce memory usage. Loaded Objects now: 2136.
Total: 2.345900 ms (FindLiveObjects: 0.183900 ms CreateObjectMapping: 0.051200 ms MarkObjects: 2.042800 ms  DeleteObjects: 0.066400 ms)

========================================================================
Received Prepare
Registering precompiled user dll's ...
Registered in 0.001159 seconds.
Begin MonoManager ReloadAssembly
Native extension for WindowsStandalone target not found
Native extension for WebGL target not found
Refreshing native plugins compatible for Editor in 0.35 ms, found 0 plugins.
Preloading 0 native plugins for Editor in 0.00 ms.
Mono: successfully reloaded assembly
- Completed reload, in  1.772 seconds
Platform modules already initialized, skipping
Refreshing native plugins compatible for Editor in 0.57 ms, found 0 plugins.
Preloading 0 native plugins for Editor in 0.00 ms.
Unloading 1483 Unused Serialized files (Serialized files now loaded: 0)
System memory in use before: 74.6 MB.
System memory in use after: 74.7 MB.

Unloading 5 unused Assets to reduce memory usage. Loaded Objects now: 2139.
Total: 6.280500 ms (FindLiveObjects: 0.781700 ms CreateObjectMapping: 0.238500 ms MarkObjects: 5.140300 ms  DeleteObjects: 0.112900 ms)

========================================================================
Received Prepare
Registering precompiled user dll's ...
Registered in 0.002127 seconds.
Begin MonoManager ReloadAssembly
Native extension for WindowsStandalone target not found
Native extension for WebGL target not found
Refreshing native plugins compatible for Editor in 0.34 ms, found 0 plugins.
Preloading 0 native plugins for Editor in 0.00 ms.
Mono: successfully reloaded assembly
- Completed reload, in  1.226 seconds
Platform modules already initialized, skipping
Refreshing native plugins compatible for Editor in 0.34 ms, found 0 plugins.
Preloading 0 native plugins for Editor in 0.00 ms.
Unloading 1483 Unused Serialized files (Serialized files now loaded: 0)
System memory in use before: 74.6 MB.
System memory in use after: 74.7 MB.

Unloading 5 unused Assets to reduce memory usage. Loaded Objects now: 2142.
Total: 4.300200 ms (FindLiveObjects: 0.267700 ms CreateObjectMapping: 0.082700 ms MarkObjects: 3.860100 ms  DeleteObjects: 0.088100 ms)

========================================================================
Received Prepare
Registering precompiled user dll's ...
Registered in 0.000759 seconds.
Begin MonoManager ReloadAssembly
Native extension for WindowsStandalone target not found
Native extension for WebGL target not found
Refreshing native plugins compatible for Editor in 0.28 ms, found 0 plugins.
Preloading 0 native plugins for Editor in 0.00 ms.
Mono: successfully reloaded assembly
- Completed reload, in  0.956 seconds
Platform modules already initialized, skipping
Refreshing native plugins compatible for Editor in 0.30 ms, found 0 plugins.
Preloading 0 native plugins for Editor in 0.00 ms.
Unloading 1483 Unused Serialized files (Serialized files now loaded: 0)
System memory in use before: 74.6 MB.
System memory in use after: 74.7 MB.

Unloading 5 unused Assets to reduce memory usage. Loaded Objects now: 2145.
Total: 2.942800 ms (FindLiveObjects: 0.466000 ms CreateObjectMapping: 0.129700 ms MarkObjects: 2.278300 ms  DeleteObjects: 0.067600 ms)

========================================================================
Received Prepare
Registering precompiled user dll's ...
Registered in 0.000778 seconds.
Begin MonoManager ReloadAssembly
Native extension for WindowsStandalone target not found
Native extension for WebGL target not found
Refreshing native plugins compatible for Editor in 0.33 ms, found 0 plugins.
Preloading 0 native plugins for Editor in 0.00 ms.
Mono: successfully reloaded assembly
- Completed reload, in  1.215 seconds
Platform modules already initialized, skipping
Refreshing native plugins compatible for Editor in 0.30 ms, found 0 plugins.
Preloading 0 native plugins for Editor in 0.00 ms.
Unloading 1483 Unused Serialized files (Serialized files now loaded: 0)
System memory in use before: 74.6 MB.
System memory in use after: 74.7 MB.

Unloading 5 unused Assets to reduce memory usage. Loaded Objects now: 2148.
Total: 2.404000 ms (FindLiveObjects: 0.270600 ms CreateObjectMapping: 0.087500 ms MarkObjects: 1.956100 ms  DeleteObjects: 0.087800 ms)

========================================================================
Received Import Request.
  Time since last request: 5372.099208 seconds.
  path: Assets/Resources/Prefabs/Enemy.prefab
  artifactKey: Guid(1fcc20ee8799a7e499374fa52ce792b9) Importer(815301076,1909f56bfc062723c751e8b465ee728b)
Start importing Assets/Resources/Prefabs/Enemy.prefab using Guid(1fcc20ee8799a7e499374fa52ce792b9) Importer(815301076,1909f56bfc062723c751e8b465ee728b)  -> (artifact id: 'bd5c753b9119efff1b8fba798f1a036c') in 0.059643 seconds
  Import took 0.071651 seconds .

========================================================================
Received Import Request.
  Time since last request: 38.682578 seconds.
  path: Assets/Resources/Prefabs/NormalZombie.prefab
  artifactKey: Guid(1fcc20ee8799a7e499374fa52ce792b9) Importer(815301076,1909f56bfc062723c751e8b465ee728b)
Start importing Assets/Resources/Prefabs/NormalZombie.prefab using Guid(1fcc20ee8799a7e499374fa52ce792b9) Importer(815301076,1909f56bfc062723c751e8b465ee728b)  -> (artifact id: '0a61dbbff1fa7eee6043973c93e2812b') in 0.034321 seconds
  Import took 0.038661 seconds .

========================================================================
Received Import Request.
  Time since last request: 34.026194 seconds.
  path: Assets/Resources/Prefabs/NormalZombie.prefab
  artifactKey: Guid(1fcc20ee8799a7e499374fa52ce792b9) Importer(815301076,1909f56bfc062723c751e8b465ee728b)
Start importing Assets/Resources/Prefabs/NormalZombie.prefab using Guid(1fcc20ee8799a7e499374fa52ce792b9) Importer(815301076,1909f56bfc062723c751e8b465ee728b)  -> (artifact id: '5bfa035f6e1d887b98f0efc31607b921') in 0.017989 seconds
  Import took 0.025502 seconds .

========================================================================
Received Import Request.
  Time since last request: 110.632322 seconds.
  path: Assets/Resources/Prefabs/Tank.prefab
  artifactKey: Guid(229e16a2a42e4944c8e22df00e4b6725) Importer(815301076,1909f56bfc062723c751e8b465ee728b)
Start importing Assets/Resources/Prefabs/Tank.prefab using Guid(229e16a2a42e4944c8e22df00e4b6725) Importer(815301076,1909f56bfc062723c751e8b465ee728b)  -> (artifact id: '45eb816ecac7f2bb5b869b881e1ddf72') in 0.045431 seconds
  Import took 0.049834 seconds .

========================================================================
Received Import Request.
  Time since last request: 0.008145 seconds.
  path: Assets/Resources/Prefabs/Tank.prefab
  artifactKey: Guid(229e16a2a42e4944c8e22df00e4b6725) Importer(815301076,1909f56bfc062723c751e8b465ee728b)
Start importing Assets/Resources/Prefabs/Tank.prefab using Guid(229e16a2a42e4944c8e22df00e4b6725) Importer(815301076,1909f56bfc062723c751e8b465ee728b)  -> (artifact id: '45eb816ecac7f2bb5b869b881e1ddf72') in 0.013822 seconds
  Import took 0.017726 seconds .

========================================================================
Received Import Request.
  Time since last request: 47.906218 seconds.
  path: Assets/Resources/Prefabs/BreakDancer.prefab
  artifactKey: Guid(6c128f3fbcb0df6408e222d0520b5938) Importer(815301076,1909f56bfc062723c751e8b465ee728b)
Start importing Assets/Resources/Prefabs/BreakDancer.prefab using Guid(6c128f3fbcb0df6408e222d0520b5938) Importer(815301076,1909f56bfc062723c751e8b465ee728b)  -> (artifact id: 'be56f33a71fc51b1895af831766c4e46') in 0.042078 seconds
  Import took 0.045946 seconds .

========================================================================
Received Import Request.
  Time since last request: 0.016296 seconds.
  path: Assets/Resources/Prefabs/BreakDancer.prefab
  artifactKey: Guid(6c128f3fbcb0df6408e222d0520b5938) Importer(815301076,1909f56bfc062723c751e8b465ee728b)
Start importing Assets/Resources/Prefabs/BreakDancer.prefab using Guid(6c128f3fbcb0df6408e222d0520b5938) Importer(815301076,1909f56bfc062723c751e8b465ee728b)  -> (artifact id: 'be56f33a71fc51b1895af831766c4e46') in 0.011711 seconds
  Import took 0.015679 seconds .

========================================================================
Received Import Request.
  Time since last request: 21.871035 seconds.
  path: Assets/Resources/Prefabs/BreakDancerZombie.prefab
  artifactKey: Guid(6c128f3fbcb0df6408e222d0520b5938) Importer(815301076,1909f56bfc062723c751e8b465ee728b)
Start importing Assets/Resources/Prefabs/BreakDancerZombie.prefab using Guid(6c128f3fbcb0df6408e222d0520b5938) Importer(815301076,1909f56bfc062723c751e8b465ee728b)  -> (artifact id: 'a893a16f649a8a4985a0a15a0df5c84f') in 0.031999 seconds
  Import took 0.035389 seconds .

========================================================================
Received Import Request.
  Time since last request: 8.297257 seconds.
  path: Assets/Resources/Prefabs/Tank.prefab
  artifactKey: Guid(229e16a2a42e4944c8e22df00e4b6725) Importer(815301076,1909f56bfc062723c751e8b465ee728b)
Start importing Assets/Resources/Prefabs/Tank.prefab using Guid(229e16a2a42e4944c8e22df00e4b6725) Importer(815301076,1909f56bfc062723c751e8b465ee728b)  -> (artifact id: 'f4e667e6a3aa818010d2449e64fc8183') in 0.016816 seconds
  Import took 0.020968 seconds .

========================================================================
Received Import Request.
  Time since last request: 12.137434 seconds.
  path: Assets/Resources/Prefabs/TankZombie.prefab
  artifactKey: Guid(229e16a2a42e4944c8e22df00e4b6725) Importer(815301076,1909f56bfc062723c751e8b465ee728b)
Start importing Assets/Resources/Prefabs/TankZombie.prefab using Guid(229e16a2a42e4944c8e22df00e4b6725) Importer(815301076,1909f56bfc062723c751e8b465ee728b)  -> (artifact id: 'd5eb9ba71b2708a3a1ea4524929b2fe5') in 0.029124 seconds
  Import took 0.036050 seconds .

========================================================================
Received Import Request.
  Time since last request: 4.978561 seconds.
  path: Assets/Resources/Prefabs/NormalZombie.prefab
  artifactKey: Guid(1fcc20ee8799a7e499374fa52ce792b9) Importer(815301076,1909f56bfc062723c751e8b465ee728b)
Start importing Assets/Resources/Prefabs/NormalZombie.prefab using Guid(1fcc20ee8799a7e499374fa52ce792b9) Importer(815301076,1909f56bfc062723c751e8b465ee728b)  -> (artifact id: 'cc80c2ada03599383734a53152b314d7') in 0.028997 seconds
  Import took 0.036479 seconds .

========================================================================
Received Import Request.
  Time since last request: 0.029450 seconds.
  path: Assets/Resources/Prefabs/NormalZombie.prefab
  artifactKey: Guid(1fcc20ee8799a7e499374fa52ce792b9) Importer(815301076,1909f56bfc062723c751e8b465ee728b)
Start importing Assets/Resources/Prefabs/NormalZombie.prefab using Guid(1fcc20ee8799a7e499374fa52ce792b9) Importer(815301076,1909f56bfc062723c751e8b465ee728b)  -> (artifact id: 'cc80c2ada03599383734a53152b314d7') in 0.009642 seconds
  Import took 0.012669 seconds .

========================================================================
Received Import Request.
  Time since last request: 1.940778 seconds.
  path: Assets/Resources/Prefabs/NormalZombie.prefab
  artifactKey: Guid(1fcc20ee8799a7e499374fa52ce792b9) Importer(815301076,1909f56bfc062723c751e8b465ee728b)
Start importing Assets/Resources/Prefabs/NormalZombie.prefab using Guid(1fcc20ee8799a7e499374fa52ce792b9) Importer(815301076,1909f56bfc062723c751e8b465ee728b)  -> (artifact id: '26e3965462618a8546de8aa67ada7ea6') in 0.029986 seconds
  Import took 0.040403 seconds .

========================================================================
Received Prepare
Registering precompiled user dll's ...
Registered in 0.000774 seconds.
Begin MonoManager ReloadAssembly
Native extension for WindowsStandalone target not found
Native extension for WebGL target not found
Refreshing native plugins compatible for Editor in 0.46 ms, found 0 plugins.
Preloading 0 native plugins for Editor in 0.00 ms.
Mono: successfully reloaded assembly
- Completed reload, in  1.147 seconds
Platform modules already initialized, skipping
Refreshing native plugins compatible for Editor in 0.30 ms, found 0 plugins.
Preloading 0 native plugins for Editor in 0.00 ms.
Unloading 1483 Unused Serialized files (Serialized files now loaded: 0)
System memory in use before: 74.6 MB.
System memory in use after: 74.7 MB.

Unloading 6 unused Assets to reduce memory usage. Loaded Objects now: 2152.
Total: 2.902400 ms (FindLiveObjects: 0.282800 ms CreateObjectMapping: 0.074700 ms MarkObjects: 2.463100 ms  DeleteObjects: 0.065200 ms)

========================================================================
Received Prepare
Registering precompiled user dll's ...
Registered in 0.000763 seconds.
Begin MonoManager ReloadAssembly
Native extension for WindowsStandalone target not found
Native extension for WebGL target not found
Refreshing native plugins compatible for Editor in 1.37 ms, found 0 plugins.
Preloading 0 native plugins for Editor in 0.00 ms.
Mono: successfully reloaded assembly
- Completed reload, in  1.114 seconds
Platform modules already initialized, skipping
Refreshing native plugins compatible for Editor in 0.30 ms, found 0 plugins.
Preloading 0 native plugins for Editor in 0.00 ms.
Unloading 1483 Unused Serialized files (Serialized files now loaded: 0)
System memory in use before: 74.6 MB.
System memory in use after: 74.7 MB.

Unloading 5 unused Assets to reduce memory usage. Loaded Objects now: 2155.
Total: 1.964500 ms (FindLiveObjects: 0.205900 ms CreateObjectMapping: 0.055600 ms MarkObjects: 1.624400 ms  DeleteObjects: 0.077300 ms)

========================================================================
Received Prepare
Registering precompiled user dll's ...
Registered in 0.000818 seconds.
Begin MonoManager ReloadAssembly
Native extension for WindowsStandalone target not found
Native extension for WebGL target not found
Refreshing native plugins compatible for Editor in 0.31 ms, found 0 plugins.
Preloading 0 native plugins for Editor in 0.00 ms.
Mono: successfully reloaded assembly
- Completed reload, in  1.120 seconds
Platform modules already initialized, skipping
Refreshing native plugins compatible for Editor in 0.31 ms, found 0 plugins.
Preloading 0 native plugins for Editor in 0.00 ms.
Unloading 1483 Unused Serialized files (Serialized files now loaded: 0)
System memory in use before: 74.6 MB.
System memory in use after: 74.7 MB.

Unloading 5 unused Assets to reduce memory usage. Loaded Objects now: 2158.
Total: 2.251800 ms (FindLiveObjects: 0.295200 ms CreateObjectMapping: 0.064200 ms MarkObjects: 1.807700 ms  DeleteObjects: 0.083100 ms)

========================================================================
Received Import Request.
  Time since last request: 1699.644030 seconds.
  path: Assets/Resources/Prefabs/Level1.prefab
  artifactKey: Guid(e3d2b2dd702140145a286dbeab22876b) Importer(815301076,1909f56bfc062723c751e8b465ee728b)
Start importing Assets/Resources/Prefabs/Level1.prefab using Guid(e3d2b2dd702140145a286dbeab22876b) Importer(815301076,1909f56bfc062723c751e8b465ee728b)  -> (artifact id: 'cf6686d7d1a82d4b6402427ab25375fa') in 0.092021 seconds
  Import took 0.095784 seconds .

========================================================================
Received Prepare
Registering precompiled user dll's ...
Registered in 0.000818 seconds.
Begin MonoManager ReloadAssembly
Native extension for WindowsStandalone target not found
Native extension for WebGL target not found
Refreshing native plugins compatible for Editor in 0.29 ms, found 0 plugins.
Preloading 0 native plugins for Editor in 0.00 ms.
Mono: successfully reloaded assembly
- Completed reload, in  1.167 seconds
Platform modules already initialized, skipping
Refreshing native plugins compatible for Editor in 0.32 ms, found 0 plugins.
Preloading 0 native plugins for Editor in 0.00 ms.
Unloading 1483 Unused Serialized files (Serialized files now loaded: 0)
System memory in use before: 74.7 MB.
System memory in use after: 74.7 MB.

Unloading 6 unused Assets to reduce memory usage. Loaded Objects now: 2162.
Total: 2.243500 ms (FindLiveObjects: 0.218000 ms CreateObjectMapping: 0.088800 ms MarkObjects: 1.873200 ms  DeleteObjects: 0.062500 ms)

========================================================================
Received Import Request.
  Time since last request: 211.752491 seconds.
  path: Assets/Resources/Prefabs/Level1.prefab
  artifactKey: Guid(e3d2b2dd702140145a286dbeab22876b) Importer(815301076,1909f56bfc062723c751e8b465ee728b)
Start importing Assets/Resources/Prefabs/Level1.prefab using Guid(e3d2b2dd702140145a286dbeab22876b) Importer(815301076,1909f56bfc062723c751e8b465ee728b)  -> (artifact id: '7a51b62a946b2252eb730fc8a9db2db0') in 0.062890 seconds
  Import took 0.066062 seconds .

========================================================================
Received Prepare
Registering precompiled user dll's ...
Registered in 0.000783 seconds.
Begin MonoManager ReloadAssembly
Native extension for WindowsStandalone target not found
Native extension for WebGL target not found
Refreshing native plugins compatible for Editor in 0.61 ms, found 0 plugins.
Preloading 0 native plugins for Editor in 0.00 ms.
Mono: successfully reloaded assembly
- Completed reload, in  1.435 seconds
Platform modules already initialized, skipping
Refreshing native plugins compatible for Editor in 0.35 ms, found 0 plugins.
Preloading 0 native plugins for Editor in 0.00 ms.
Unloading 1483 Unused Serialized files (Serialized files now loaded: 0)
System memory in use before: 74.7 MB.
System memory in use after: 74.7 MB.

Unloading 6 unused Assets to reduce memory usage. Loaded Objects now: 2166.
Total: 2.203400 ms (FindLiveObjects: 0.272500 ms CreateObjectMapping: 0.076700 ms MarkObjects: 1.766900 ms  DeleteObjects: 0.085800 ms)

========================================================================
Received Import Request.
  Time since last request: 38.746457 seconds.
  path: Assets/Resources/Prefabs/Level1.prefab
  artifactKey: Guid(e3d2b2dd702140145a286dbeab22876b) Importer(815301076,1909f56bfc062723c751e8b465ee728b)
Start importing Assets/Resources/Prefabs/Level1.prefab using Guid(e3d2b2dd702140145a286dbeab22876b) Importer(815301076,1909f56bfc062723c751e8b465ee728b)  -> (artifact id: '9d0d9af79cf0cfd7cda8185dbc34604e') in 0.063285 seconds
  Import took 0.074743 seconds .

========================================================================
Received Import Request.
  Time since last request: 8.555161 seconds.
  path: Assets/Resources/Prefabs/Level1.prefab
  artifactKey: Guid(e3d2b2dd702140145a286dbeab22876b) Importer(815301076,1909f56bfc062723c751e8b465ee728b)
Start importing Assets/Resources/Prefabs/Level1.prefab using Guid(e3d2b2dd702140145a286dbeab22876b) Importer(815301076,1909f56bfc062723c751e8b465ee728b)  -> (artifact id: '77eb1c8843b8e77942f361a4b3e54ed0') in 0.030101 seconds
  Import took 0.033827 seconds .

========================================================================
Received Prepare
Registering precompiled user dll's ...
Registered in 0.000932 seconds.
Begin MonoManager ReloadAssembly
Native extension for WindowsStandalone target not found
Native extension for WebGL target not found
Refreshing native plugins compatible for Editor in 0.31 ms, found 0 plugins.
Preloading 0 native plugins for Editor in 0.00 ms.
Mono: successfully reloaded assembly
- Completed reload, in  1.158 seconds
Platform modules already initialized, skipping
Refreshing native plugins compatible for Editor in 0.30 ms, found 0 plugins.
Preloading 0 native plugins for Editor in 0.00 ms.
Unloading 1483 Unused Serialized files (Serialized files now loaded: 0)
System memory in use before: 74.7 MB.
System memory in use after: 74.8 MB.

Unloading 6 unused Assets to reduce memory usage. Loaded Objects now: 2170.
Total: 2.545200 ms (FindLiveObjects: 0.464700 ms CreateObjectMapping: 0.089100 ms MarkObjects: 1.913400 ms  DeleteObjects: 0.076100 ms)

========================================================================
Received Prepare
Registering precompiled user dll's ...
Registered in 0.000835 seconds.
Begin MonoManager ReloadAssembly
Native extension for WindowsStandalone target not found
Native extension for WebGL target not found
Refreshing native plugins compatible for Editor in 0.30 ms, found 0 plugins.
Preloading 0 native plugins for Editor in 0.00 ms.
Mono: successfully reloaded assembly
- Completed reload, in  1.082 seconds
Platform modules already initialized, skipping
Refreshing native plugins compatible for Editor in 0.38 ms, found 0 plugins.
Preloading 0 native plugins for Editor in 0.00 ms.
Unloading 1483 Unused Serialized files (Serialized files now loaded: 0)
System memory in use before: 74.7 MB.
System memory in use after: 74.8 MB.

Unloading 5 unused Assets to reduce memory usage. Loaded Objects now: 2173.
Total: 2.621500 ms (FindLiveObjects: 0.333500 ms CreateObjectMapping: 0.058300 ms MarkObjects: 2.132000 ms  DeleteObjects: 0.095600 ms)

========================================================================
Received Import Request.
  Time since last request: 1241.029950 seconds.
  path: Assets/Resources/Prefabs/Level1.prefab
  artifactKey: Guid(e3d2b2dd702140145a286dbeab22876b) Importer(815301076,1909f56bfc062723c751e8b465ee728b)
Start importing Assets/Resources/Prefabs/Level1.prefab using Guid(e3d2b2dd702140145a286dbeab22876b) Importer(815301076,1909f56bfc062723c751e8b465ee728b)  -> (artifact id: '59eb974d59ff409360fc9be6177a8fe4') in 0.064614 seconds
  Import took 0.067901 seconds .

========================================================================
Received Import Request.
  Time since last request: 739.225544 seconds.
  path: Assets/Resources/Prefabs/Level1.prefab
  artifactKey: Guid(e3d2b2dd702140145a286dbeab22876b) Importer(815301076,1909f56bfc062723c751e8b465ee728b)
Start importing Assets/Resources/Prefabs/Level1.prefab using Guid(e3d2b2dd702140145a286dbeab22876b) Importer(815301076,1909f56bfc062723c751e8b465ee728b)  -> (artifact id: 'a04dded5f9310c872a4ffb3583f9c491') in 0.050101 seconds
  Import took 0.056189 seconds .

========================================================================
Received Prepare
Registering precompiled user dll's ...
Registered in 0.000783 seconds.
Begin MonoManager ReloadAssembly
Native extension for WindowsStandalone target not found
Native extension for WebGL target not found
Refreshing native plugins compatible for Editor in 0.30 ms, found 0 plugins.
Preloading 0 native plugins for Editor in 0.00 ms.
Mono: successfully reloaded assembly
- Completed reload, in  1.175 seconds
Platform modules already initialized, skipping
Refreshing native plugins compatible for Editor in 0.27 ms, found 0 plugins.
Preloading 0 native plugins for Editor in 0.00 ms.
Unloading 1483 Unused Serialized files (Serialized files now loaded: 0)
System memory in use before: 74.7 MB.
System memory in use after: 74.8 MB.

Unloading 6 unused Assets to reduce memory usage. Loaded Objects now: 2177.
Total: 2.815500 ms (FindLiveObjects: 0.202600 ms CreateObjectMapping: 0.057200 ms MarkObjects: 2.482500 ms  DeleteObjects: 0.072200 ms)

========================================================================
Received Import Request.
  Time since last request: 147.685264 seconds.
  path: Assets/Resources/Prefabs/Level1.prefab
  artifactKey: Guid(e3d2b2dd702140145a286dbeab22876b) Importer(815301076,1909f56bfc062723c751e8b465ee728b)
Start importing Assets/Resources/Prefabs/Level1.prefab using Guid(e3d2b2dd702140145a286dbeab22876b) Importer(815301076,1909f56bfc062723c751e8b465ee728b)  -> (artifact id: '12c2b7ad7fbc03d07d442137df2d95cc') in 0.058082 seconds
  Import took 0.060987 seconds .

